<?xml version="1.0" encoding="UTF-8"?>
<testsuite xmlns:xsi="http://www.w3.org/2001/XMLSchema-instance" xsi:noNamespaceSchemaLocation="https://maven.apache.org/surefire/maven-surefire-plugin/xsd/surefire-test-report-3.0.xsd" version="3.0" name="org.example.AppTest" time="0.034" tests="1" errors="0" skipped="0" failures="0">
  <properties>
    <property name="sun.desktop" value="windows"/>
    <property name="awt.toolkit" value="sun.awt.windows.WToolkit"/>
    <property name="java.specification.version" value="11"/>
    <property name="sun.cpu.isalist" value="amd64"/>
    <property name="sun.jnu.encoding" value="Cp1252"/>
    <property name="java.class.path" value="D:\Interview\MroadsHiltonKamrul\MroadsHiltonGeoLocation\target\test-classes;D:\Interview\MroadsHiltonKamrul\MroadsHiltonGeoLocation\target\classes;C:\Users\kamru\.m2\repository\io\dropwizard\dropwizard-core\2.0.0\dropwizard-core-2.0.0.jar;C:\Users\kamru\.m2\repository\io\dropwizard\dropwizard-util\2.0.0\dropwizard-util-2.0.0.jar;C:\Users\kamru\.m2\repository\io\dropwizard\dropwizard-jackson\2.0.0\dropwizard-jackson-2.0.0.jar;C:\Users\kamru\.m2\repository\com\github\ben-manes\caffeine\caffeine\2.8.0\caffeine-2.8.0.jar;C:\Users\kamru\.m2\repository\com\fasterxml\jackson\core\jackson-core\2.10.1\jackson-core-2.10.1.jar;C:\Users\kamru\.m2\repository\com\fasterxml\jackson\datatype\jackson-datatype-guava\2.10.1\jackson-datatype-guava-2.10.1.jar;C:\Users\kamru\.m2\repository\com\fasterxml\jackson\datatype\jackson-datatype-jsr310\2.10.1\jackson-datatype-jsr310-2.10.1.jar;C:\Users\kamru\.m2\repository\com\fasterxml\jackson\datatype\jackson-datatype-jdk8\2.10.1\jackson-datatype-jdk8-2.10.1.jar;C:\Users\kamru\.m2\repository\com\fasterxml\jackson\module\jackson-module-parameter-names\2.10.1\jackson-module-parameter-names-2.10.1.jar;C:\Users\kamru\.m2\repository\com\fasterxml\jackson\module\jackson-module-afterburner\2.10.1\jackson-module-afterburner-2.10.1.jar;C:\Users\kamru\.m2\repository\com\fasterxml\jackson\datatype\jackson-datatype-joda\2.10.1\jackson-datatype-joda-2.10.1.jar;C:\Users\kamru\.m2\repository\io\dropwizard\dropwizard-configuration\2.0.0\dropwizard-configuration-2.0.0.jar;C:\Users\kamru\.m2\repository\com\fasterxml\jackson\dataformat\jackson-dataformat-yaml\2.10.1\jackson-dataformat-yaml-2.10.1.jar;C:\Users\kamru\.m2\repository\org\yaml\snakeyaml\1.24\snakeyaml-1.24.jar;C:\Users\kamru\.m2\repository\org\apache\commons\commons-lang3\3.9\commons-lang3-3.9.jar;C:\Users\kamru\.m2\repository\org\apache\commons\commons-text\1.8\commons-text-1.8.jar;C:\Users\kamru\.m2\repository\io\dropwizard\dropwizard-logging\2.0.0\dropwizard-logging-2.0.0.jar;C:\Users\kamru\.m2\repository\io\dropwizard\metrics\metrics-logback\4.1.2\metrics-logback-4.1.2.jar;C:\Users\kamru\.m2\repository\org\slf4j\jul-to-slf4j\1.7.29\jul-to-slf4j-1.7.29.jar;C:\Users\kamru\.m2\repository\ch\qos\logback\logback-core\1.2.3\logback-core-1.2.3.jar;C:\Users\kamru\.m2\repository\ch\qos\logback\logback-classic\1.2.3\logback-classic-1.2.3.jar;C:\Users\kamru\.m2\repository\io\dropwizard\logback\logback-throttling-appender\1.1.0\logback-throttling-appender-1.1.0.jar;C:\Users\kamru\.m2\repository\org\slf4j\log4j-over-slf4j\1.7.29\log4j-over-slf4j-1.7.29.jar;C:\Users\kamru\.m2\repository\org\slf4j\jcl-over-slf4j\1.7.29\jcl-over-slf4j-1.7.29.jar;C:\Users\kamru\.m2\repository\io\dropwizard\dropwizard-metrics\2.0.0\dropwizard-metrics-2.0.0.jar;C:\Users\kamru\.m2\repository\io\dropwizard\dropwizard-jersey\2.0.0\dropwizard-jersey-2.0.0.jar;C:\Users\kamru\.m2\repository\org\glassfish\jersey\ext\jersey-metainf-services\2.29.1\jersey-metainf-services-2.29.1.jar;C:\Users\kamru\.m2\repository\org\glassfish\jersey\ext\jersey-bean-validation\2.29.1\jersey-bean-validation-2.29.1.jar;C:\Users\kamru\.m2\repository\org\glassfish\jersey\inject\jersey-hk2\2.29.1\jersey-hk2-2.29.1.jar;C:\Users\kamru\.m2\repository\org\glassfish\hk2\hk2-locator\2.6.1\hk2-locator-2.6.1.jar;C:\Users\kamru\.m2\repository\org\glassfish\hk2\external\aopalliance-repackaged\2.6.1\aopalliance-repackaged-2.6.1.jar;C:\Users\kamru\.m2\repository\org\glassfish\hk2\hk2-api\2.6.1\hk2-api-2.6.1.jar;C:\Users\kamru\.m2\repository\org\glassfish\hk2\hk2-utils\2.6.1\hk2-utils-2.6.1.jar;C:\Users\kamru\.m2\repository\io\dropwizard\metrics\metrics-jersey2\4.1.2\metrics-jersey2-4.1.2.jar;C:\Users\kamru\.m2\repository\com\fasterxml\jackson\jaxrs\jackson-jaxrs-json-provider\2.10.1\jackson-jaxrs-json-provider-2.10.1.jar;C:\Users\kamru\.m2\repository\com\fasterxml\jackson\jaxrs\jackson-jaxrs-base\2.10.1\jackson-jaxrs-base-2.10.1.jar;C:\Users\kamru\.m2\repository\com\fasterxml\jackson\module\jackson-module-jaxb-annotations\2.10.1\jackson-module-jaxb-annotations-2.10.1.jar;C:\Users\kamru\.m2\repository\org\glassfish\jersey\containers\jersey-container-servlet\2.29.1\jersey-container-servlet-2.29.1.jar;C:\Users\kamru\.m2\repository\org\glassfish\jersey\containers\jersey-container-servlet-core\2.29.1\jersey-container-servlet-core-2.29.1.jar;C:\Users\kamru\.m2\repository\org\eclipse\jetty\jetty-server\9.4.24.v20191120\jetty-server-9.4.24.v20191120.jar;C:\Users\kamru\.m2\repository\javax\servlet\javax.servlet-api\4.0.1\javax.servlet-api-4.0.1.jar;C:\Users\kamru\.m2\repository\org\eclipse\jetty\jetty-io\9.4.24.v20191120\jetty-io-9.4.24.v20191120.jar;C:\Users\kamru\.m2\repository\org\eclipse\jetty\jetty-webapp\9.4.24.v20191120\jetty-webapp-9.4.24.v20191120.jar;C:\Users\kamru\.m2\repository\org\eclipse\jetty\jetty-xml\9.4.24.v20191120\jetty-xml-9.4.24.v20191120.jar;C:\Users\kamru\.m2\repository\org\eclipse\jetty\jetty-continuation\9.4.24.v20191120\jetty-continuation-9.4.24.v20191120.jar;C:\Users\kamru\.m2\repository\javax\xml\bind\jaxb-api\2.3.1\jaxb-api-2.3.1.jar;C:\Users\kamru\.m2\repository\javax\activation\javax.activation-api\1.2.0\javax.activation-api-1.2.0.jar;C:\Users\kamru\.m2\repository\io\dropwizard\dropwizard-servlets\2.0.0\dropwizard-servlets-2.0.0.jar;C:\Users\kamru\.m2\repository\io\dropwizard\metrics\metrics-annotation\4.1.2\metrics-annotation-4.1.2.jar;C:\Users\kamru\.m2\repository\io\dropwizard\dropwizard-jetty\2.0.0\dropwizard-jetty-2.0.0.jar;C:\Users\kamru\.m2\repository\io\dropwizard\metrics\metrics-jetty9\4.1.2\metrics-jetty9-4.1.2.jar;C:\Users\kamru\.m2\repository\org\eclipse\jetty\jetty-servlet\9.4.24.v20191120\jetty-servlet-9.4.24.v20191120.jar;C:\Users\kamru\.m2\repository\org\eclipse\jetty\jetty-security\9.4.24.v20191120\jetty-security-9.4.24.v20191120.jar;C:\Users\kamru\.m2\repository\org\eclipse\jetty\jetty-servlets\9.4.24.v20191120\jetty-servlets-9.4.24.v20191120.jar;C:\Users\kamru\.m2\repository\org\eclipse\jetty\jetty-http\9.4.24.v20191120\jetty-http-9.4.24.v20191120.jar;C:\Users\kamru\.m2\repository\io\dropwizard\dropwizard-lifecycle\2.0.0\dropwizard-lifecycle-2.0.0.jar;C:\Users\kamru\.m2\repository\io\dropwizard\metrics\metrics-core\4.1.2\metrics-core-4.1.2.jar;C:\Users\kamru\.m2\repository\io\dropwizard\metrics\metrics-jvm\4.1.2\metrics-jvm-4.1.2.jar;C:\Users\kamru\.m2\repository\io\dropwizard\metrics\metrics-jmx\4.1.2\metrics-jmx-4.1.2.jar;C:\Users\kamru\.m2\repository\io\dropwizard\metrics\metrics-servlets\4.1.2\metrics-servlets-4.1.2.jar;C:\Users\kamru\.m2\repository\io\dropwizard\metrics\metrics-json\4.1.2\metrics-json-4.1.2.jar;C:\Users\kamru\.m2\repository\com\helger\profiler\1.1.1\profiler-1.1.1.jar;C:\Users\kamru\.m2\repository\io\dropwizard\metrics\metrics-healthchecks\4.1.2\metrics-healthchecks-4.1.2.jar;C:\Users\kamru\.m2\repository\io\dropwizard\dropwizard-request-logging\2.0.0\dropwizard-request-logging-2.0.0.jar;C:\Users\kamru\.m2\repository\ch\qos\logback\logback-access\1.2.3\logback-access-1.2.3.jar;C:\Users\kamru\.m2\repository\net\sourceforge\argparse4j\argparse4j\0.8.1\argparse4j-0.8.1.jar;C:\Users\kamru\.m2\repository\org\eclipse\jetty\toolchain\setuid\jetty-setuid-java\1.0.3\jetty-setuid-java-1.0.3.jar;C:\Users\kamru\.m2\repository\io\dropwizard\dropwizard-db\2.0.29\dropwizard-db-2.0.29.jar;C:\Users\kamru\.m2\repository\com\fasterxml\jackson\core\jackson-annotations\2.10.1\jackson-annotations-2.10.1.jar;C:\Users\kamru\.m2\repository\com\google\code\findbugs\jsr305\3.0.2\jsr305-3.0.2.jar;C:\Users\kamru\.m2\repository\jakarta\validation\jakarta.validation-api\2.0.2\jakarta.validation-api-2.0.2.jar;C:\Users\kamru\.m2\repository\org\apache\tomcat\tomcat-jdbc\9.0.29\tomcat-jdbc-9.0.29.jar;C:\Users\kamru\.m2\repository\org\apache\tomcat\tomcat-juli\9.0.29\tomcat-juli-9.0.29.jar;C:\Users\kamru\.m2\repository\org\projectlombok\lombok\1.18.24\lombok-1.18.24.jar;C:\Users\kamru\.m2\repository\io\dropwizard\dropwizard-jdbi\1.3.29\dropwizard-jdbi-1.3.29.jar;C:\Users\kamru\.m2\repository\org\jdbi\jdbi\2.78\jdbi-2.78.jar;C:\Users\kamru\.m2\repository\io\dropwizard\metrics\metrics-jdbi\4.1.2\metrics-jdbi-4.1.2.jar;C:\Users\kamru\.m2\repository\io\dropwizard\dropwizard-hibernate\2.0.29\dropwizard-hibernate-2.0.29.jar;C:\Users\kamru\.m2\repository\com\fasterxml\jackson\core\jackson-databind\2.10.1\jackson-databind-2.10.1.jar;C:\Users\kamru\.m2\repository\com\fasterxml\jackson\datatype\jackson-datatype-hibernate5\2.10.1\jackson-datatype-hibernate5-2.10.1.jar;C:\Users\kamru\.m2\repository\javax\transaction\javax.transaction-api\1.3\javax.transaction-api-1.3.jar;C:\Users\kamru\.m2\repository\jakarta\ws\rs\jakarta.ws.rs-api\2.1.6\jakarta.ws.rs-api-2.1.6.jar;C:\Users\kamru\.m2\repository\javax\persistence\javax.persistence-api\2.2\javax.persistence-api-2.2.jar;C:\Users\kamru\.m2\repository\joda-time\joda-time\2.10.5\joda-time-2.10.5.jar;C:\Users\kamru\.m2\repository\org\glassfish\jersey\core\jersey-client\2.29.1\jersey-client-2.29.1.jar;C:\Users\kamru\.m2\repository\org\glassfish\hk2\external\jakarta.inject\2.6.1\jakarta.inject-2.6.1.jar;C:\Users\kamru\.m2\repository\org\glassfish\jersey\core\jersey-common\2.29.1\jersey-common-2.29.1.jar;C:\Users\kamru\.m2\repository\jakarta\annotation\jakarta.annotation-api\1.3.5\jakarta.annotation-api-1.3.5.jar;C:\Users\kamru\.m2\repository\org\glassfish\hk2\osgi-resource-locator\1.0.3\osgi-resource-locator-1.0.3.jar;C:\Users\kamru\.m2\repository\com\sun\activation\jakarta.activation\1.2.1\jakarta.activation-1.2.1.jar;C:\Users\kamru\.m2\repository\org\glassfish\jersey\core\jersey-server\2.29.1\jersey-server-2.29.1.jar;C:\Users\kamru\.m2\repository\org\glassfish\jersey\media\jersey-media-jaxb\2.29.1\jersey-media-jaxb-2.29.1.jar;C:\Users\kamru\.m2\repository\org\javassist\javassist\3.26.0-GA\javassist-3.26.0-GA.jar;C:\Users\kamru\.m2\repository\org\jadira\usertype\usertype.core\7.0.0.CR1\usertype.core-7.0.0.CR1.jar;C:\Users\kamru\.m2\repository\org\jadira\usertype\usertype.spi\7.0.0.CR1\usertype.spi-7.0.0.CR1.jar;C:\Users\kamru\.m2\repository\org\hibernate\hibernate-core\5.4.10.Final\hibernate-core-5.4.10.Final.jar;C:\Users\kamru\.m2\repository\net\bytebuddy\byte-buddy\1.10.4\byte-buddy-1.10.4.jar;C:\Users\kamru\.m2\repository\antlr\antlr\2.7.7\antlr-2.7.7.jar;C:\Users\kamru\.m2\repository\org\jboss\spec\javax\transaction\jboss-transaction-api_1.2_spec\1.1.1.Final\jboss-transaction-api_1.2_spec-1.1.1.Final.jar;C:\Users\kamru\.m2\repository\org\jboss\jandex\2.1.1.Final\jandex-2.1.1.Final.jar;C:\Users\kamru\.m2\repository\org\dom4j\dom4j\2.1.1\dom4j-2.1.1.jar;C:\Users\kamru\.m2\repository\org\hibernate\common\hibernate-commons-annotations\5.1.0.Final\hibernate-commons-annotations-5.1.0.Final.jar;C:\Users\kamru\.m2\repository\org\glassfish\jaxb\jaxb-runtime\2.3.1\jaxb-runtime-2.3.1.jar;C:\Users\kamru\.m2\repository\org\glassfish\jaxb\txw2\2.3.1\txw2-2.3.1.jar;C:\Users\kamru\.m2\repository\com\sun\istack\istack-commons-runtime\3.0.7\istack-commons-runtime-3.0.7.jar;C:\Users\kamru\.m2\repository\org\jvnet\staxex\stax-ex\1.8\stax-ex-1.8.jar;C:\Users\kamru\.m2\repository\com\sun\xml\fastinfoset\FastInfoset\1.2.15\FastInfoset-1.2.15.jar;C:\Users\kamru\.m2\repository\jakarta\activation\jakarta.activation-api\1.2.2\jakarta.activation-api-1.2.2.jar;C:\Users\kamru\.m2\repository\jakarta\xml\bind\jakarta.xml.bind-api\2.3.3\jakarta.xml.bind-api-2.3.3.jar;C:\Users\kamru\.m2\repository\org\slf4j\slf4j-api\1.7.29\slf4j-api-1.7.29.jar;C:\Users\kamru\.m2\repository\mysql\mysql-connector-java\8.0.28\mysql-connector-java-8.0.28.jar;C:\Users\kamru\.m2\repository\com\google\protobuf\protobuf-java\3.11.4\protobuf-java-3.11.4.jar;C:\Users\kamru\.m2\repository\io\dropwizard\dropwizard-client\2.0.29\dropwizard-client-2.0.29.jar;C:\Users\kamru\.m2\repository\org\eclipse\jetty\jetty-util\9.4.24.v20191120\jetty-util-9.4.24.v20191120.jar;C:\Users\kamru\.m2\repository\org\apache\httpcomponents\httpclient\4.5.10\httpclient-4.5.10.jar;C:\Users\kamru\.m2\repository\commons-codec\commons-codec\1.11\commons-codec-1.11.jar;C:\Users\kamru\.m2\repository\org\apache\httpcomponents\httpcore\4.4.15\httpcore-4.4.15.jar;C:\Users\kamru\.m2\repository\io\dropwizard\metrics\metrics-httpclient\4.1.2\metrics-httpclient-4.1.2.jar;C:\Users\kamru\.m2\repository\org\glassfish\jersey\connectors\jersey-apache-connector\2.29.1\jersey-apache-connector-2.29.1.jar;C:\Users\kamru\.m2\repository\io\dropwizard\dropwizard-validation\2.0.29\dropwizard-validation-2.0.29.jar;C:\Users\kamru\.m2\repository\com\fasterxml\classmate\1.5.1\classmate-1.5.1.jar;C:\Users\kamru\.m2\repository\org\hibernate\validator\hibernate-validator\6.1.0.Final\hibernate-validator-6.1.0.Final.jar;C:\Users\kamru\.m2\repository\org\jboss\logging\jboss-logging\3.3.2.Final\jboss-logging-3.3.2.Final.jar;C:\Users\kamru\.m2\repository\org\glassfish\jakarta.el\3.0.3\jakarta.el-3.0.3.jar;C:\Users\kamru\.m2\repository\com\google\guava\guava\31.1-jre\guava-31.1-jre.jar;C:\Users\kamru\.m2\repository\com\google\guava\failureaccess\1.0.1\failureaccess-1.0.1.jar;C:\Users\kamru\.m2\repository\com\google\guava\listenablefuture\9999.0-empty-to-avoid-conflict-with-guava\listenablefuture-9999.0-empty-to-avoid-conflict-with-guava.jar;C:\Users\kamru\.m2\repository\org\checkerframework\checker-qual\3.0.1\checker-qual-3.0.1.jar;C:\Users\kamru\.m2\repository\com\google\errorprone\error_prone_annotations\2.3.4\error_prone_annotations-2.3.4.jar;C:\Users\kamru\.m2\repository\com\google\j2objc\j2objc-annotations\1.3\j2objc-annotations-1.3.jar;C:\Users\kamru\.m2\repository\org\modelmapper\modelmapper\2.4.0\modelmapper-2.4.0.jar;C:\Users\kamru\.m2\repository\junit\junit\4.12\junit-4.12.jar;C:\Users\kamru\.m2\repository\org\hamcrest\hamcrest-core\1.3\hamcrest-core-1.3.jar;"/>
    <property name="java.vm.vendor" value="Amazon.com Inc."/>
    <property name="sun.arch.data.model" value="64"/>
    <property name="user.variant" value=""/>
    <property name="java.vendor.url" value="https://aws.amazon.com/corretto/"/>
    <property name="user.timezone" value="America/Chicago"/>
    <property name="java.vm.specification.version" value="11"/>
    <property name="os.name" value="Windows 11"/>
    <property name="sun.java.launcher" value="SUN_STANDARD"/>
    <property name="user.country" value="US"/>
    <property name="sun.boot.library.path" value="C:\Users\kamru\.jdks\corretto-11.0.19\bin"/>
    <property name="sun.java.command" value="C:\Users\kamru\AppData\Local\Temp\surefire947678034431420981\surefirebooter-20230610162830581_3.jar C:\Users\kamru\AppData\Local\Temp\surefire947678034431420981 2023-06-10T16-28-30_253-jvmRun1 surefire-20230610162830581_1tmp surefire_0-20230610162830581_2tmp"/>
    <property name="jdk.debug" value="release"/>
    <property name="surefire.test.class.path" value="D:\Interview\MroadsHiltonKamrul\MroadsHiltonGeoLocation\target\test-classes;D:\Interview\MroadsHiltonKamrul\MroadsHiltonGeoLocation\target\classes;C:\Users\kamru\.m2\repository\io\dropwizard\dropwizard-core\2.0.0\dropwizard-core-2.0.0.jar;C:\Users\kamru\.m2\repository\io\dropwizard\dropwizard-util\2.0.0\dropwizard-util-2.0.0.jar;C:\Users\kamru\.m2\repository\io\dropwizard\dropwizard-jackson\2.0.0\dropwizard-jackson-2.0.0.jar;C:\Users\kamru\.m2\repository\com\github\ben-manes\caffeine\caffeine\2.8.0\caffeine-2.8.0.jar;C:\Users\kamru\.m2\repository\com\fasterxml\jackson\core\jackson-core\2.10.1\jackson-core-2.10.1.jar;C:\Users\kamru\.m2\repository\com\fasterxml\jackson\datatype\jackson-datatype-guava\2.10.1\jackson-datatype-guava-2.10.1.jar;C:\Users\kamru\.m2\repository\com\fasterxml\jackson\datatype\jackson-datatype-jsr310\2.10.1\jackson-datatype-jsr310-2.10.1.jar;C:\Users\kamru\.m2\repository\com\fasterxml\jackson\datatype\jackson-datatype-jdk8\2.10.1\jackson-datatype-jdk8-2.10.1.jar;C:\Users\kamru\.m2\repository\com\fasterxml\jackson\module\jackson-module-parameter-names\2.10.1\jackson-module-parameter-names-2.10.1.jar;C:\Users\kamru\.m2\repository\com\fasterxml\jackson\module\jackson-module-afterburner\2.10.1\jackson-module-afterburner-2.10.1.jar;C:\Users\kamru\.m2\repository\com\fasterxml\jackson\datatype\jackson-datatype-joda\2.10.1\jackson-datatype-joda-2.10.1.jar;C:\Users\kamru\.m2\repository\io\dropwizard\dropwizard-configuration\2.0.0\dropwizard-configuration-2.0.0.jar;C:\Users\kamru\.m2\repository\com\fasterxml\jackson\dataformat\jackson-dataformat-yaml\2.10.1\jackson-dataformat-yaml-2.10.1.jar;C:\Users\kamru\.m2\repository\org\yaml\snakeyaml\1.24\snakeyaml-1.24.jar;C:\Users\kamru\.m2\repository\org\apache\commons\commons-lang3\3.9\commons-lang3-3.9.jar;C:\Users\kamru\.m2\repository\org\apache\commons\commons-text\1.8\commons-text-1.8.jar;C:\Users\kamru\.m2\repository\io\dropwizard\dropwizard-logging\2.0.0\dropwizard-logging-2.0.0.jar;C:\Users\kamru\.m2\repository\io\dropwizard\metrics\metrics-logback\4.1.2\metrics-logback-4.1.2.jar;C:\Users\kamru\.m2\repository\org\slf4j\jul-to-slf4j\1.7.29\jul-to-slf4j-1.7.29.jar;C:\Users\kamru\.m2\repository\ch\qos\logback\logback-core\1.2.3\logback-core-1.2.3.jar;C:\Users\kamru\.m2\repository\ch\qos\logback\logback-classic\1.2.3\logback-classic-1.2.3.jar;C:\Users\kamru\.m2\repository\io\dropwizard\logback\logback-throttling-appender\1.1.0\logback-throttling-appender-1.1.0.jar;C:\Users\kamru\.m2\repository\org\slf4j\log4j-over-slf4j\1.7.29\log4j-over-slf4j-1.7.29.jar;C:\Users\kamru\.m2\repository\org\slf4j\jcl-over-slf4j\1.7.29\jcl-over-slf4j-1.7.29.jar;C:\Users\kamru\.m2\repository\io\dropwizard\dropwizard-metrics\2.0.0\dropwizard-metrics-2.0.0.jar;C:\Users\kamru\.m2\repository\io\dropwizard\dropwizard-jersey\2.0.0\dropwizard-jersey-2.0.0.jar;C:\Users\kamru\.m2\repository\org\glassfish\jersey\ext\jersey-metainf-services\2.29.1\jersey-metainf-services-2.29.1.jar;C:\Users\kamru\.m2\repository\org\glassfish\jersey\ext\jersey-bean-validation\2.29.1\jersey-bean-validation-2.29.1.jar;C:\Users\kamru\.m2\repository\org\glassfish\jersey\inject\jersey-hk2\2.29.1\jersey-hk2-2.29.1.jar;C:\Users\kamru\.m2\repository\org\glassfish\hk2\hk2-locator\2.6.1\hk2-locator-2.6.1.jar;C:\Users\kamru\.m2\repository\org\glassfish\hk2\external\aopalliance-repackaged\2.6.1\aopalliance-repackaged-2.6.1.jar;C:\Users\kamru\.m2\repository\org\glassfish\hk2\hk2-api\2.6.1\hk2-api-2.6.1.jar;C:\Users\kamru\.m2\repository\org\glassfish\hk2\hk2-utils\2.6.1\hk2-utils-2.6.1.jar;C:\Users\kamru\.m2\repository\io\dropwizard\metrics\metrics-jersey2\4.1.2\metrics-jersey2-4.1.2.jar;C:\Users\kamru\.m2\repository\com\fasterxml\jackson\jaxrs\jackson-jaxrs-json-provider\2.10.1\jackson-jaxrs-json-provider-2.10.1.jar;C:\Users\kamru\.m2\repository\com\fasterxml\jackson\jaxrs\jackson-jaxrs-base\2.10.1\jackson-jaxrs-base-2.10.1.jar;C:\Users\kamru\.m2\repository\com\fasterxml\jackson\module\jackson-module-jaxb-annotations\2.10.1\jackson-module-jaxb-annotations-2.10.1.jar;C:\Users\kamru\.m2\repository\org\glassfish\jersey\containers\jersey-container-servlet\2.29.1\jersey-container-servlet-2.29.1.jar;C:\Users\kamru\.m2\repository\org\glassfish\jersey\containers\jersey-container-servlet-core\2.29.1\jersey-container-servlet-core-2.29.1.jar;C:\Users\kamru\.m2\repository\org\eclipse\jetty\jetty-server\9.4.24.v20191120\jetty-server-9.4.24.v20191120.jar;C:\Users\kamru\.m2\repository\javax\servlet\javax.servlet-api\4.0.1\javax.servlet-api-4.0.1.jar;C:\Users\kamru\.m2\repository\org\eclipse\jetty\jetty-io\9.4.24.v20191120\jetty-io-9.4.24.v20191120.jar;C:\Users\kamru\.m2\repository\org\eclipse\jetty\jetty-webapp\9.4.24.v20191120\jetty-webapp-9.4.24.v20191120.jar;C:\Users\kamru\.m2\repository\org\eclipse\jetty\jetty-xml\9.4.24.v20191120\jetty-xml-9.4.24.v20191120.jar;C:\Users\kamru\.m2\repository\org\eclipse\jetty\jetty-continuation\9.4.24.v20191120\jetty-continuation-9.4.24.v20191120.jar;C:\Users\kamru\.m2\repository\javax\xml\bind\jaxb-api\2.3.1\jaxb-api-2.3.1.jar;C:\Users\kamru\.m2\repository\javax\activation\javax.activation-api\1.2.0\javax.activation-api-1.2.0.jar;C:\Users\kamru\.m2\repository\io\dropwizard\dropwizard-servlets\2.0.0\dropwizard-servlets-2.0.0.jar;C:\Users\kamru\.m2\repository\io\dropwizard\metrics\metrics-annotation\4.1.2\metrics-annotation-4.1.2.jar;C:\Users\kamru\.m2\repository\io\dropwizard\dropwizard-jetty\2.0.0\dropwizard-jetty-2.0.0.jar;C:\Users\kamru\.m2\repository\io\dropwizard\metrics\metrics-jetty9\4.1.2\metrics-jetty9-4.1.2.jar;C:\Users\kamru\.m2\repository\org\eclipse\jetty\jetty-servlet\9.4.24.v20191120\jetty-servlet-9.4.24.v20191120.jar;C:\Users\kamru\.m2\repository\org\eclipse\jetty\jetty-security\9.4.24.v20191120\jetty-security-9.4.24.v20191120.jar;C:\Users\kamru\.m2\repository\org\eclipse\jetty\jetty-servlets\9.4.24.v20191120\jetty-servlets-9.4.24.v20191120.jar;C:\Users\kamru\.m2\repository\org\eclipse\jetty\jetty-http\9.4.24.v20191120\jetty-http-9.4.24.v20191120.jar;C:\Users\kamru\.m2\repository\io\dropwizard\dropwizard-lifecycle\2.0.0\dropwizard-lifecycle-2.0.0.jar;C:\Users\kamru\.m2\repository\io\dropwizard\metrics\metrics-core\4.1.2\metrics-core-4.1.2.jar;C:\Users\kamru\.m2\repository\io\dropwizard\metrics\metrics-jvm\4.1.2\metrics-jvm-4.1.2.jar;C:\Users\kamru\.m2\repository\io\dropwizard\metrics\metrics-jmx\4.1.2\metrics-jmx-4.1.2.jar;C:\Users\kamru\.m2\repository\io\dropwizard\metrics\metrics-servlets\4.1.2\metrics-servlets-4.1.2.jar;C:\Users\kamru\.m2\repository\io\dropwizard\metrics\metrics-json\4.1.2\metrics-json-4.1.2.jar;C:\Users\kamru\.m2\repository\com\helger\profiler\1.1.1\profiler-1.1.1.jar;C:\Users\kamru\.m2\repository\io\dropwizard\metrics\metrics-healthchecks\4.1.2\metrics-healthchecks-4.1.2.jar;C:\Users\kamru\.m2\repository\io\dropwizard\dropwizard-request-logging\2.0.0\dropwizard-request-logging-2.0.0.jar;C:\Users\kamru\.m2\repository\ch\qos\logback\logback-access\1.2.3\logback-access-1.2.3.jar;C:\Users\kamru\.m2\repository\net\sourceforge\argparse4j\argparse4j\0.8.1\argparse4j-0.8.1.jar;C:\Users\kamru\.m2\repository\org\eclipse\jetty\toolchain\setuid\jetty-setuid-java\1.0.3\jetty-setuid-java-1.0.3.jar;C:\Users\kamru\.m2\repository\io\dropwizard\dropwizard-db\2.0.29\dropwizard-db-2.0.29.jar;C:\Users\kamru\.m2\repository\com\fasterxml\jackson\core\jackson-annotations\2.10.1\jackson-annotations-2.10.1.jar;C:\Users\kamru\.m2\repository\com\google\code\findbugs\jsr305\3.0.2\jsr305-3.0.2.jar;C:\Users\kamru\.m2\repository\jakarta\validation\jakarta.validation-api\2.0.2\jakarta.validation-api-2.0.2.jar;C:\Users\kamru\.m2\repository\org\apache\tomcat\tomcat-jdbc\9.0.29\tomcat-jdbc-9.0.29.jar;C:\Users\kamru\.m2\repository\org\apache\tomcat\tomcat-juli\9.0.29\tomcat-juli-9.0.29.jar;C:\Users\kamru\.m2\repository\org\projectlombok\lombok\1.18.24\lombok-1.18.24.jar;C:\Users\kamru\.m2\repository\io\dropwizard\dropwizard-jdbi\1.3.29\dropwizard-jdbi-1.3.29.jar;C:\Users\kamru\.m2\repository\org\jdbi\jdbi\2.78\jdbi-2.78.jar;C:\Users\kamru\.m2\repository\io\dropwizard\metrics\metrics-jdbi\4.1.2\metrics-jdbi-4.1.2.jar;C:\Users\kamru\.m2\repository\io\dropwizard\dropwizard-hibernate\2.0.29\dropwizard-hibernate-2.0.29.jar;C:\Users\kamru\.m2\repository\com\fasterxml\jackson\core\jackson-databind\2.10.1\jackson-databind-2.10.1.jar;C:\Users\kamru\.m2\repository\com\fasterxml\jackson\datatype\jackson-datatype-hibernate5\2.10.1\jackson-datatype-hibernate5-2.10.1.jar;C:\Users\kamru\.m2\repository\javax\transaction\javax.transaction-api\1.3\javax.transaction-api-1.3.jar;C:\Users\kamru\.m2\repository\jakarta\ws\rs\jakarta.ws.rs-api\2.1.6\jakarta.ws.rs-api-2.1.6.jar;C:\Users\kamru\.m2\repository\javax\persistence\javax.persistence-api\2.2\javax.persistence-api-2.2.jar;C:\Users\kamru\.m2\repository\joda-time\joda-time\2.10.5\joda-time-2.10.5.jar;C:\Users\kamru\.m2\repository\org\glassfish\jersey\core\jersey-client\2.29.1\jersey-client-2.29.1.jar;C:\Users\kamru\.m2\repository\org\glassfish\hk2\external\jakarta.inject\2.6.1\jakarta.inject-2.6.1.jar;C:\Users\kamru\.m2\repository\org\glassfish\jersey\core\jersey-common\2.29.1\jersey-common-2.29.1.jar;C:\Users\kamru\.m2\repository\jakarta\annotation\jakarta.annotation-api\1.3.5\jakarta.annotation-api-1.3.5.jar;C:\Users\kamru\.m2\repository\org\glassfish\hk2\osgi-resource-locator\1.0.3\osgi-resource-locator-1.0.3.jar;C:\Users\kamru\.m2\repository\com\sun\activation\jakarta.activation\1.2.1\jakarta.activation-1.2.1.jar;C:\Users\kamru\.m2\repository\org\glassfish\jersey\core\jersey-server\2.29.1\jersey-server-2.29.1.jar;C:\Users\kamru\.m2\repository\org\glassfish\jersey\media\jersey-media-jaxb\2.29.1\jersey-media-jaxb-2.29.1.jar;C:\Users\kamru\.m2\repository\org\javassist\javassist\3.26.0-GA\javassist-3.26.0-GA.jar;C:\Users\kamru\.m2\repository\org\jadira\usertype\usertype.core\7.0.0.CR1\usertype.core-7.0.0.CR1.jar;C:\Users\kamru\.m2\repository\org\jadira\usertype\usertype.spi\7.0.0.CR1\usertype.spi-7.0.0.CR1.jar;C:\Users\kamru\.m2\repository\org\hibernate\hibernate-core\5.4.10.Final\hibernate-core-5.4.10.Final.jar;C:\Users\kamru\.m2\repository\net\bytebuddy\byte-buddy\1.10.4\byte-buddy-1.10.4.jar;C:\Users\kamru\.m2\repository\antlr\antlr\2.7.7\antlr-2.7.7.jar;C:\Users\kamru\.m2\repository\org\jboss\spec\javax\transaction\jboss-transaction-api_1.2_spec\1.1.1.Final\jboss-transaction-api_1.2_spec-1.1.1.Final.jar;C:\Users\kamru\.m2\repository\org\jboss\jandex\2.1.1.Final\jandex-2.1.1.Final.jar;C:\Users\kamru\.m2\repository\org\dom4j\dom4j\2.1.1\dom4j-2.1.1.jar;C:\Users\kamru\.m2\repository\org\hibernate\common\hibernate-commons-annotations\5.1.0.Final\hibernate-commons-annotations-5.1.0.Final.jar;C:\Users\kamru\.m2\repository\org\glassfish\jaxb\jaxb-runtime\2.3.1\jaxb-runtime-2.3.1.jar;C:\Users\kamru\.m2\repository\org\glassfish\jaxb\txw2\2.3.1\txw2-2.3.1.jar;C:\Users\kamru\.m2\repository\com\sun\istack\istack-commons-runtime\3.0.7\istack-commons-runtime-3.0.7.jar;C:\Users\kamru\.m2\repository\org\jvnet\staxex\stax-ex\1.8\stax-ex-1.8.jar;C:\Users\kamru\.m2\repository\com\sun\xml\fastinfoset\FastInfoset\1.2.15\FastInfoset-1.2.15.jar;C:\Users\kamru\.m2\repository\jakarta\activation\jakarta.activation-api\1.2.2\jakarta.activation-api-1.2.2.jar;C:\Users\kamru\.m2\repository\jakarta\xml\bind\jakarta.xml.bind-api\2.3.3\jakarta.xml.bind-api-2.3.3.jar;C:\Users\kamru\.m2\repository\org\slf4j\slf4j-api\1.7.29\slf4j-api-1.7.29.jar;C:\Users\kamru\.m2\repository\mysql\mysql-connector-java\8.0.28\mysql-connector-java-8.0.28.jar;C:\Users\kamru\.m2\repository\com\google\protobuf\protobuf-java\3.11.4\protobuf-java-3.11.4.jar;C:\Users\kamru\.m2\repository\io\dropwizard\dropwizard-client\2.0.29\dropwizard-client-2.0.29.jar;C:\Users\kamru\.m2\repository\org\eclipse\jetty\jetty-util\9.4.24.v20191120\jetty-util-9.4.24.v20191120.jar;C:\Users\kamru\.m2\repository\org\apache\httpcomponents\httpclient\4.5.10\httpclient-4.5.10.jar;C:\Users\kamru\.m2\repository\commons-codec\commons-codec\1.11\commons-codec-1.11.jar;C:\Users\kamru\.m2\repository\org\apache\httpcomponents\httpcore\4.4.15\httpcore-4.4.15.jar;C:\Users\kamru\.m2\repository\io\dropwizard\metrics\metrics-httpclient\4.1.2\metrics-httpclient-4.1.2.jar;C:\Users\kamru\.m2\repository\org\glassfish\jersey\connectors\jersey-apache-connector\2.29.1\jersey-apache-connector-2.29.1.jar;C:\Users\kamru\.m2\repository\io\dropwizard\dropwizard-validation\2.0.29\dropwizard-validation-2.0.29.jar;C:\Users\kamru\.m2\repository\com\fasterxml\classmate\1.5.1\classmate-1.5.1.jar;C:\Users\kamru\.m2\repository\org\hibernate\validator\hibernate-validator\6.1.0.Final\hibernate-validator-6.1.0.Final.jar;C:\Users\kamru\.m2\repository\org\jboss\logging\jboss-logging\3.3.2.Final\jboss-logging-3.3.2.Final.jar;C:\Users\kamru\.m2\repository\org\glassfish\jakarta.el\3.0.3\jakarta.el-3.0.3.jar;C:\Users\kamru\.m2\repository\com\google\guava\guava\31.1-jre\guava-31.1-jre.jar;C:\Users\kamru\.m2\repository\com\google\guava\failureaccess\1.0.1\failureaccess-1.0.1.jar;C:\Users\kamru\.m2\repository\com\google\guava\listenablefuture\9999.0-empty-to-avoid-conflict-with-guava\listenablefuture-9999.0-empty-to-avoid-conflict-with-guava.jar;C:\Users\kamru\.m2\repository\org\checkerframework\checker-qual\3.0.1\checker-qual-3.0.1.jar;C:\Users\kamru\.m2\repository\com\google\errorprone\error_prone_annotations\2.3.4\error_prone_annotations-2.3.4.jar;C:\Users\kamru\.m2\repository\com\google\j2objc\j2objc-annotations\1.3\j2objc-annotations-1.3.jar;C:\Users\kamru\.m2\repository\org\modelmapper\modelmapper\2.4.0\modelmapper-2.4.0.jar;C:\Users\kamru\.m2\repository\junit\junit\4.12\junit-4.12.jar;C:\Users\kamru\.m2\repository\org\hamcrest\hamcrest-core\1.3\hamcrest-core-1.3.jar;"/>
    <property name="sun.cpu.endian" value="little"/>
    <property name="user.home" value="C:\Users\kamru"/>
    <property name="user.language" value="en"/>
    <property name="java.specification.vendor" value="Oracle Corporation"/>
    <property name="java.version.date" value="2023-04-18"/>
    <property name="java.home" value="C:\Users\kamru\.jdks\corretto-11.0.19"/>
    <property name="file.separator" value="\"/>
    <property name="basedir" value="D:\Interview\MroadsHiltonKamrul\MroadsHiltonGeoLocation"/>
    <property name="java.vm.compressedOopsMode" value="Zero based"/>
    <property name="line.separator" value="&#10;"/>
    <property name="java.specification.name" value="Java Platform API Specification"/>
    <property name="java.vm.specification.vendor" value="Oracle Corporation"/>
    <property name="java.awt.graphicsenv" value="sun.awt.Win32GraphicsEnvironment"/>
    <property name="surefire.real.class.path" value="C:\Users\kamru\AppData\Local\Temp\surefire947678034431420981\surefirebooter-20230610162830581_3.jar"/>
    <property name="user.script" value=""/>
    <property name="sun.management.compiler" value="HotSpot 64-Bit Tiered Compilers"/>
    <property name="java.runtime.version" value="11.0.19+7-LTS"/>
    <property name="user.name" value="kamru"/>
    <property name="path.separator" value=";"/>
    <property name="os.version" value="10.0"/>
    <property name="java.runtime.name" value="OpenJDK Runtime Environment"/>
    <property name="file.encoding" value="Cp1252"/>
    <property name="java.vm.name" value="OpenJDK 64-Bit Server VM"/>
    <property name="java.vendor.version" value="Corretto-11.0.19.7.1"/>
    <property name="localRepository" value="C:\Users\kamru\.m2\repository"/>
    <property name="java.vendor.url.bug" value="https://github.com/corretto/corretto-11/issues/"/>
    <property name="java.io.tmpdir" value="C:\Users\kamru\AppData\Local\Temp\"/>
    <property name="java.version" value="11.0.19"/>
    <property name="user.dir" value="D:\Interview\MroadsHiltonKamrul\MroadsHiltonGeoLocation"/>
    <property name="os.arch" value="amd64"/>
    <property name="java.vm.specification.name" value="Java Virtual Machine Specification"/>
    <property name="java.awt.printerjob" value="sun.awt.windows.WPrinterJob"/>
    <property name="sun.os.patch.level" value=""/>
    <property name="java.library.path" value="C:\Users\kamru\.jdks\corretto-11.0.19\bin;C:\WINDOWS\Sun\Java\bin;C:\WINDOWS\system32;C:\WINDOWS;C:\Python310\;C:\Program Files\Common Files\Oracle\Java\javapath;C:\Windows\system32;C:\Windows;C:\Windows\System32\Wbem;C:\Windows\System32\WindowsPowerShell\v1.0\;C:\Windows\System32\OpenSSH\;C:\Program Files (x86)\NVIDIA Corporation\PhysX\Common;C:\Program Files\NVIDIA Corporation\NVIDIA NvDLISR;C:\Users\kamru\.jdks\corretto-11.0.19\bin;C:\WINDOWS\system32;C:\WINDOWS;C:\WINDOWS\System32\Wbem;C:\WINDOWS\System32\WindowsPowerShell\v1.0\;C:\WINDOWS\System32\OpenSSH\;C:\Program Files\nodejs\;C:\ProgramData\chocolatey\bin;C:\ProgramData\Oracle\Java\javapath;C:\Python310\Scripts\;C:\Program Files\Apache Software Foundation\apache-maven-3.9.2\bin;C:\Program Files\apache-maven\bin;%CATALINA_HOME%;C:\Program Files\dotnet\;C:\Program Files (x86)\Calibre2\;C:\Program Files\Git\bin\;C:\Program Files\Docker\Docker\resources\bin;C:\Program Files\MySQL\MySQL Shell 8.0\bin\;C:\Users\kamru\AppData\Local\Microsoft\WindowsApps;C:\Users\kamru\AppData\Local\GitHubDesktop\bin;C:\Users\kamru\AppData\Roaming\npm;C:\Program Files\JetBrains\IntelliJ IDEA 2021.2.3\bin;;C:\Program Files\Apache Software Foundation\apache-maven-3.9.2\bin;C:\Program Files\apache-maven\bin;C:\Users\kamru\AppData\Local\Programs\Microsoft VS Code\bin;C:\Users\kamru\AppData\Local\Programs\mongosh\;C:\Program Files\JetBrains\IntelliJ IDEA Community Edition 2022.2.3\bin;;C:\Program Files\Git\bin\;;."/>
    <property name="java.vm.info" value="mixed mode"/>
    <property name="java.vendor" value="Amazon.com Inc."/>
    <property name="java.vm.version" value="11.0.19+7-LTS"/>
    <property name="sun.io.unicode.encoding" value="UnicodeLittle"/>
    <property name="java.class.version" value="55.0"/>
  </properties>
  <testcase name="testApp" classname="org.example.AppTest" time="0.003"/>
</testsuite>